<?xml version="1.0" encoding="UTF-8"?>
<robot generator="Robot 3.1.2 (Python 3.6.5 on linux)" generated="20200414 14:20:01.861" rpa="false">
<suite id="s1" name="Registration" source="/home/elsys/PycharmProjects/pom_robotframe/TestCases/Registration.robot">
<test id="s1-t1" name="RegistrationTest">
<kw name="Open Browser" library="Selenium2Library">
<doc>Opens a new browser instance to the given ``url``.</doc>
<arguments>
<arg>${siteurl}</arg>
<arg>${Browser}</arg>
</arguments>
<msg timestamp="20200414 14:20:02.011" level="INFO">Opening browser 'Firefox' to base url 'http://www.newtours.demoaut.com/'.</msg>
<status status="PASS" starttime="20200414 14:20:02.011" endtime="20200414 14:20:10.267"></status>
</kw>
<kw name="Maximize Browser Window" library="Selenium2Library">
<doc>Maximizes current browser window.</doc>
<status status="PASS" starttime="20200414 14:20:10.268" endtime="20200414 14:20:13.779"></status>
</kw>
<status status="PASS" starttime="20200414 14:20:02.011" endtime="20200414 14:20:13.779" critical="yes"></status>
</test>
<test id="s1-t2" name="Click Registration">
<kw name="Sleep" library="BuiltIn">
<doc>Pauses the test executed for the given time.</doc>
<arguments>
<arg>3</arg>
</arguments>
<msg timestamp="20200414 14:20:16.781" level="INFO">Slept 3 seconds</msg>
<status status="PASS" starttime="20200414 14:20:13.780" endtime="20200414 14:20:16.781"></status>
</kw>
<kw name="Click Register Link" library="Registration_page">
<kw name="Click Link" library="Selenium2Library">
<doc>Clicks a link identified by ``locator``.</doc>
<arguments>
<arg>${link_Reg}</arg>
</arguments>
<msg timestamp="20200414 14:20:16.782" level="INFO">Clicking link '//a[contains(text(),'REGISTER')]'.</msg>
<status status="PASS" starttime="20200414 14:20:16.781" endtime="20200414 14:20:18.128"></status>
</kw>
<status status="PASS" starttime="20200414 14:20:16.781" endtime="20200414 14:20:18.128"></status>
</kw>
<status status="PASS" starttime="20200414 14:20:13.780" endtime="20200414 14:20:18.128" critical="yes"></status>
</test>
<test id="s1-t3" name="Close navigator">
<kw name="Sleep" library="BuiltIn">
<doc>Pauses the test executed for the given time.</doc>
<arguments>
<arg>3</arg>
</arguments>
<msg timestamp="20200414 14:20:21.130" level="INFO">Slept 3 seconds</msg>
<status status="PASS" starttime="20200414 14:20:18.129" endtime="20200414 14:20:21.130"></status>
</kw>
<kw name="Close my browsers" library="Registration_page">
<kw name="Close All Browsers" library="Selenium2Library">
<doc>Closes all open browsers and resets the browser cache.</doc>
<status status="PASS" starttime="20200414 14:20:21.131" endtime="20200414 14:20:22.340"></status>
</kw>
<status status="PASS" starttime="20200414 14:20:21.130" endtime="20200414 14:20:22.340"></status>
</kw>
<status status="PASS" starttime="20200414 14:20:18.129" endtime="20200414 14:20:22.340" critical="yes"></status>
</test>
<status status="PASS" starttime="20200414 14:20:01.862" endtime="20200414 14:20:22.341"></status>
</suite>
<statistics>
<total>
<stat pass="3" fail="0">Critical Tests</stat>
<stat pass="3" fail="0">All Tests</stat>
</total>
<tag>
</tag>
<suite>
<stat pass="3" fail="0" id="s1" name="Registration">Registration</stat>
</suite>
</statistics>
<errors>
</errors>
</robot>
