<?xml version="1.0" encoding="UTF-8"?>
<robot generator="Robot 3.1.2 (Python 3.6.5 on linux)" generated="20200414 13:40:00.586" rpa="false">
<suite id="s1" name="Logintest" source="/home/elsys/PycharmProjects/pom_robotframe/TestCases/Logintest.robot">
<test id="s1-t1" name="Login TesT">
<kw name="Open my Browser" library="login_keywrds">
<arguments>
<arg>${siteurl}</arg>
<arg>${Browser}</arg>
</arguments>
<kw name="Open Browser" library="Selenium2Library">
<doc>Opens a new browser instance to the given ``url``.</doc>
<arguments>
<arg>${siteurl}</arg>
<arg>${browser}</arg>
</arguments>
<msg timestamp="20200414 13:40:00.729" level="INFO">Opening browser 'Firefox' to base url 'http://www.newtours.demoaut.com/'.</msg>
<status status="PASS" starttime="20200414 13:40:00.728" endtime="20200414 13:40:08.160"></status>
</kw>
<kw name="Maximize Browser Window" library="Selenium2Library">
<doc>Maximizes current browser window.</doc>
<status status="PASS" starttime="20200414 13:40:08.160" endtime="20200414 13:40:11.673"></status>
</kw>
<status status="PASS" starttime="20200414 13:40:00.728" endtime="20200414 13:40:11.673"></status>
</kw>
<kw name="Sleep" library="BuiltIn">
<doc>Pauses the test executed for the given time.</doc>
<arguments>
<arg>2</arg>
</arguments>
<msg timestamp="20200414 13:40:13.674" level="INFO">Slept 2 seconds</msg>
<status status="PASS" starttime="20200414 13:40:11.674" endtime="20200414 13:40:13.674"></status>
</kw>
<status status="PASS" starttime="20200414 13:40:00.727" endtime="20200414 13:40:13.674" critical="yes"></status>
</test>
<test id="s1-t2" name="Enter user">
<kw name="Enter username" library="login_keywrds">
<arguments>
<arg>${user}</arg>
</arguments>
<kw name="Input Text" library="Selenium2Library">
<doc>Types the given ``text`` into text field identified by ``locator``.</doc>
<arguments>
<arg>${txt_username_input}</arg>
<arg>${username}</arg>
</arguments>
<msg timestamp="20200414 13:40:13.676" level="INFO">Typing text 'tutorial' into text field 'xpath://input[@name='userName']'.</msg>
<status status="PASS" starttime="20200414 13:40:13.676" endtime="20200414 13:40:13.710"></status>
</kw>
<status status="PASS" starttime="20200414 13:40:13.676" endtime="20200414 13:40:13.710"></status>
</kw>
<status status="PASS" starttime="20200414 13:40:13.675" endtime="20200414 13:40:13.710" critical="yes"></status>
</test>
<test id="s1-t3" name="Enter password">
<kw name="Sleep" library="BuiltIn">
<doc>Pauses the test executed for the given time.</doc>
<arguments>
<arg>1</arg>
</arguments>
<msg timestamp="20200414 13:40:14.712" level="INFO">Slept 1 second</msg>
<status status="PASS" starttime="20200414 13:40:13.711" endtime="20200414 13:40:14.712"></status>
</kw>
<kw name="Enter password" library="login_keywrds">
<arguments>
<arg>${pwd}</arg>
</arguments>
<kw name="Input Text" library="Selenium2Library">
<doc>Types the given ``text`` into text field identified by ``locator``.</doc>
<arguments>
<arg>${txt_user_password_input}</arg>
<arg>${password}</arg>
</arguments>
<msg timestamp="20200414 13:40:14.713" level="INFO">Typing text 'tutorial' into text field 'xpath://input[@name='password']'.</msg>
<status status="PASS" starttime="20200414 13:40:14.713" endtime="20200414 13:40:14.736"></status>
</kw>
<status status="PASS" starttime="20200414 13:40:14.712" endtime="20200414 13:40:14.736"></status>
</kw>
<status status="PASS" starttime="20200414 13:40:13.711" endtime="20200414 13:40:14.736" critical="yes"></status>
</test>
<test id="s1-t4" name="Click Button login">
<kw name="Clik login button" library="login_keywrds">
<kw name="Click Button" library="Selenium2Library">
<doc>Clicks button identified by ``locator``.</doc>
<arguments>
<arg>${btn_click_login}</arg>
</arguments>
<msg timestamp="20200414 13:40:14.738" level="INFO">Clicking button 'xpath://input[@name='login']'.</msg>
<status status="PASS" starttime="20200414 13:40:14.738" endtime="20200414 13:40:19.965"></status>
</kw>
<status status="PASS" starttime="20200414 13:40:14.737" endtime="20200414 13:40:19.966"></status>
</kw>
<status status="PASS" starttime="20200414 13:40:14.737" endtime="20200414 13:40:19.966" critical="yes"></status>
</test>
<test id="s1-t5" name="Verify login sucess">
<kw name="Sleep" library="BuiltIn">
<doc>Pauses the test executed for the given time.</doc>
<arguments>
<arg>10</arg>
</arguments>
<msg timestamp="20200414 13:40:29.967" level="INFO">Slept 10 seconds</msg>
<status status="PASS" starttime="20200414 13:40:19.967" endtime="20200414 13:40:29.967"></status>
</kw>
<kw name="Verify sucessfull login" library="login_keywrds">
<kw name="Title Should Be" library="Selenium2Library">
<doc>Verifies that current page title equals ``title``.</doc>
<arguments>
<arg>Find a Flight: Mercury Tours:</arg>
</arguments>
<msg timestamp="20200414 13:40:29.971" level="INFO">Page title is 'Find a Flight: Mercury Tours:'.</msg>
<status status="PASS" starttime="20200414 13:40:29.968" endtime="20200414 13:40:29.971"></status>
</kw>
<status status="PASS" starttime="20200414 13:40:29.968" endtime="20200414 13:40:29.971"></status>
</kw>
<status status="PASS" starttime="20200414 13:40:19.966" endtime="20200414 13:40:29.971" critical="yes"></status>
</test>
<status status="PASS" starttime="20200414 13:40:00.587" endtime="20200414 13:40:29.972"></status>
</suite>
<statistics>
<total>
<stat pass="5" fail="0">Critical Tests</stat>
<stat pass="5" fail="0">All Tests</stat>
</total>
<tag>
</tag>
<suite>
<stat pass="5" fail="0" id="s1" name="Logintest">Logintest</stat>
</suite>
</statistics>
<errors>
</errors>
</robot>
